Traceback (most recent call last):
  File "/opt/conda/lib/python3.11/site-packages/jupyter_cache/executors/utils.py", line 58, in single_nb_execution
    executenb(
  File "/opt/conda/lib/python3.11/site-packages/nbclient/client.py", line 1305, in execute
    return NotebookClient(nb=nb, resources=resources, km=km, **kwargs).execute()
           ^^^^^^^^^^^^^^^^^^^^^^^^^^^^^^^^^^^^^^^^^^^^^^^^^^^^^^^^^^^^^^^^^^^^^
  File "/opt/conda/lib/python3.11/site-packages/jupyter_core/utils/__init__.py", line 173, in wrapped
    return loop.run_until_complete(inner)
           ^^^^^^^^^^^^^^^^^^^^^^^^^^^^^^
  File "/opt/conda/lib/python3.11/asyncio/base_events.py", line 653, in run_until_complete
    return future.result()
           ^^^^^^^^^^^^^^^
  File "/opt/conda/lib/python3.11/site-packages/nbclient/client.py", line 705, in async_execute
    await self.async_execute_cell(
  File "/opt/conda/lib/python3.11/site-packages/nbclient/client.py", line 1058, in async_execute_cell
    await self._check_raise_for_error(cell, cell_index, exec_reply)
  File "/opt/conda/lib/python3.11/site-packages/nbclient/client.py", line 914, in _check_raise_for_error
    raise CellExecutionError.from_cell_and_msg(cell, exec_reply_content)
nbclient.exceptions.CellExecutionError: An error occurred while executing the following cell:
------------------
# Creating a DataFrame from a dictionary
vehicle_info = {
    "brand": ["Chevrolet", "BMW", "Audi", "Mercedes"],
    "model": ["Camaro", "3 Series", "A4", "C-Class"],
    "price": [35000, 45000, 37000, 50000]
}
vehicle_df = DataFrame(vehicle_info)
print(f"Vehicle Data:\n{vehicle_df}\n")

# Adding new columns to DataFrame
vehicle_df["year"] = 2020
vehicle_df["dealership"] = ["Speed Motors", "Luxury Drives", "Premium Auto", "Elite Cars"]
print(f"Updated Vehicle Data:\n{vehicle_df}\n")

# Creating DataFrame from a list of tuples
sales_data = [
    (2020, 120, 150),
    (2021, 135, 165),
    (2022, 140, 170)
]
sales_columns = ["Year", "Sedan Sales", "SUV Sales"]
sales_df = DataFrame(sales_data, columns=sales_columns)
print(f"Sales Data:\n{sales_df}\n")

# Creating DataFrame from a numpy ndarray
numpy_data = np.random.rand(4, 2)  # create a 4x2 random matrix
numpy_columns = ["Val1", "Val2"]
numpy_df = DataFrame(numpy_data, columns=numpy_columns)
print(f"Numpy DataFrame:\n{numpy_df}\n")

# Accessing DataFrame elements
print(f"Second column of numpy_df:\n{numpy_df['Val2']}\n")
print(f"Type of the second column: {type(numpy_df['Val2'])}\n")

# Accessing a specific DataFrame row
print("Third row of sales data:")
print(sales_df.iloc[2])
print(f"Type of the third row: {type(sales_df.iloc[2])}\n")

# Accessing a specific element
print(f"Specific element (2nd row, 'model' column) in vehicle_df: {vehicle_df.loc[1, 'model']}\n")

# Slicing a DataFrame
print("Slice of vehicle_df (rows 1 to 2, columns 'model' and 'price'):")
print(vehicle_df.iloc[1:3, 1:3])

# Filtering data based on a condition
print(f"Vehicles with price over $40,000:\n{vehicle_df[vehicle_df.price > 40000]}")

------------------


[0;31m---------------------------------------------------------------------------[0m
[0;31mNameError[0m                                 Traceback (most recent call last)
Cell [0;32mIn[3], line 7[0m
[1;32m      1[0m [38;5;66;03m# Creating a DataFrame from a dictionary[39;00m
[1;32m      2[0m vehicle_info [38;5;241m=[39m {
[1;32m      3[0m     [38;5;124m"[39m[38;5;124mbrand[39m[38;5;124m"[39m: [[38;5;124m"[39m[38;5;124mChevrolet[39m[38;5;124m"[39m, [38;5;124m"[39m[38;5;124mBMW[39m[38;5;124m"[39m, [38;5;124m"[39m[38;5;124mAudi[39m[38;5;124m"[39m, [38;5;124m"[39m[38;5;124mMercedes[39m[38;5;124m"[39m],
[1;32m      4[0m     [38;5;124m"[39m[38;5;124mmodel[39m[38;5;124m"[39m: [[38;5;124m"[39m[38;5;124mCamaro[39m[38;5;124m"[39m, [38;5;124m"[39m[38;5;124m3 Series[39m[38;5;124m"[39m, [38;5;124m"[39m[38;5;124mA4[39m[38;5;124m"[39m, [38;5;124m"[39m[38;5;124mC-Class[39m[38;5;124m"[39m],
[1;32m      5[0m     [38;5;124m"[39m[38;5;124mprice[39m[38;5;124m"[39m: [[38;5;241m35000[39m, [38;5;241m45000[39m, [38;5;241m37000[39m, [38;5;241m50000[39m]
[1;32m      6[0m }
[0;32m----> 7[0m vehicle_df [38;5;241m=[39m [43mDataFrame[49m(vehicle_info)
[1;32m      8[0m [38;5;28mprint[39m([38;5;124mf[39m[38;5;124m"[39m[38;5;124mVehicle Data:[39m[38;5;130;01m\n[39;00m[38;5;132;01m{[39;00mvehicle_df[38;5;132;01m}[39;00m[38;5;130;01m\n[39;00m[38;5;124m"[39m)
[1;32m     10[0m [38;5;66;03m# Adding new columns to DataFrame[39;00m

[0;31mNameError[0m: name 'DataFrame' is not defined

